Change Component Footprint: Designator=C702 Old Footprint=CAP_0805 New Footprint=CAP_0603
Change Component Footprint: Designator=C703 Old Footprint=CAP_0805 New Footprint=CAP_0603
Change Component Footprint: Designator=C701 Old Footprint=CAP_1210 New Footprint=CAP_0603
Change Component Comment : Designator=C701 Old Comment=2u2 100V X7R New Comment=22u 6V3 X5R
Change component parameters: Designator = "C701" ("C701"); Footprint = "CAP_1210"; UniqueID = "\ADKUVMII" ("\ADKUVMII")
Change component parameters (AddParameter): Name = "Dielectric"; Value = ""; VariantName = "[No Variations]"
Change component parameters (AddParameter): Name = "Distributor Link"; Value = "www.lcsc.com"; VariantName = "[No Variations]"
Change component parameters (AddParameter): Name = "LCSC"; Value = "C59461"; VariantName = "[No Variations]"
Change component parameters (AddParameter): Name = "Manufacturer"; Value = "Samsung Electro-Mechanics"; VariantName = "[No Variations]"
Change component parameters (AddParameter): Name = "Manufacturer Part Number"; Value = "CL10A226MQ8NRNC"; VariantName = "[No Variations]"
Change component parameters (AddParameter): Name = "Rating"; Value = ""; VariantName = "[No Variations]"
Change component parameters: Designator = "C702" ("C702"); Footprint = "CAP_0805"; UniqueID = "\UPTBYOWY" ("\UPTBYOWY")
Change component parameters (AddParameter): Name = "Dielectric"; Value = ""; VariantName = "[No Variations]"
Change component parameters (AddParameter): Name = "Distributor Link"; Value = ""; VariantName = "[No Variations]"
Change component parameters (AddParameter): Name = "LCSC"; Value = ""; VariantName = "[No Variations]"
Change component parameters (AddParameter): Name = "Manufacturer"; Value = ""; VariantName = "[No Variations]"
Change component parameters (AddParameter): Name = "Manufacturer Part Number"; Value = ""; VariantName = "[No Variations]"
Change component parameters (AddParameter): Name = "Rating"; Value = ""; VariantName = "[No Variations]"
Change component parameters: Designator = "C703" ("C703"); Footprint = "CAP_0805"; UniqueID = "\VHAADEBP" ("\VHAADEBP")
Change component parameters (AddParameter): Name = "Dielectric"; Value = ""; VariantName = "[No Variations]"
Change component parameters (AddParameter): Name = "Distributor Link"; Value = ""; VariantName = "[No Variations]"
Change component parameters (AddParameter): Name = "LCSC"; Value = ""; VariantName = "[No Variations]"
Change component parameters (AddParameter): Name = "Manufacturer"; Value = ""; VariantName = "[No Variations]"
Change component parameters (AddParameter): Name = "Manufacturer Part Number"; Value = ""; VariantName = "[No Variations]"
Change component parameters (AddParameter): Name = "Rating"; Value = ""; VariantName = "[No Variations]"
Add Pin To Net: Unknown Pin: Pin D901-A
Add Pin To Net: Unknown Pin: Pin D901-K
Add Pin To Net: Unknown Pin: Pin D902-A
Add Pin To Net: Unknown Pin: Pin D902-K
Add Pin To Net: Unknown Pin: Pin D1005-A
Add Pin To Net: Unknown Pin: Pin D1005-K
Add Pin To Net: Unknown Pin: Pin D1006-A
Add Pin To Net: Unknown Pin: Pin D1006-K
Add Pin To Net: Unknown Pin: Pin D1007-A
Add Pin To Net: Unknown Pin: Pin D1007-K
